{"C:\\Users\\ADVAN\\Documents\\SIGMA PRENEUR\\New folder\\src\\app.js": {"path":"C:\\Users\\ADVAN\\Documents\\SIGMA PRENEUR\\New folder\\src\\app.js","statementMap":{"0":{"start":{"line":1,"column":16},"end":{"line":1,"column":34}},"1":{"start":{"line":2,"column":12},"end":{"line":2,"column":21}},"2":{"start":{"line":10,"column":4},"end":{"line":10,"column":28}},"3":{"start":{"line":12,"column":0},"end":{"line":12,"column":24}},"4":{"start":{"line":15,"column":0},"end":{"line":25,"column":3}},"5":{"start":{"line":16,"column":21},"end":{"line":16,"column":30}},"6":{"start":{"line":17,"column":2},"end":{"line":23,"column":3}},"7":{"start":{"line":18,"column":24},"end":{"line":18,"column":58}},"8":{"start":{"line":19,"column":4},"end":{"line":21,"column":5}},"9":{"start":{"line":20,"column":6},"end":{"line":20,"column":67}},"10":{"start":{"line":22,"column":4},"end":{"line":22,"column":46}},"11":{"start":{"line":24,"column":2},"end":{"line":24,"column":26}},"12":{"start":{"line":28,"column":0},"end":{"line":32,"column":3}},"13":{"start":{"line":29,"column":15},"end":{"line":29,"column":41}},"14":{"start":{"line":30,"column":2},"end":{"line":30,"column":76}},"15":{"start":{"line":30,"column":13},"end":{"line":30,"column":76}},"16":{"start":{"line":31,"column":2},"end":{"line":31,"column":17}},"17":{"start":{"line":35,"column":0},"end":{"line":42,"column":3}},"18":{"start":{"line":36,"column":2},"end":{"line":41,"column":3}},"19":{"start":{"line":37,"column":17},"end":{"line":37,"column":34}},"20":{"start":{"line":38,"column":4},"end":{"line":38,"column":31}},"21":{"start":{"line":40,"column":4},"end":{"line":40,"column":49}},"22":{"start":{"line":45,"column":0},"end":{"line":53,"column":3}},"23":{"start":{"line":46,"column":2},"end":{"line":52,"column":3}},"24":{"start":{"line":47,"column":17},"end":{"line":47,"column":52}},"25":{"start":{"line":48,"column":4},"end":{"line":48,"column":78}},"26":{"start":{"line":48,"column":15},"end":{"line":48,"column":78}},"27":{"start":{"line":49,"column":4},"end":{"line":49,"column":19}},"28":{"start":{"line":51,"column":4},"end":{"line":51,"column":49}},"29":{"start":{"line":56,"column":0},"end":{"line":60,"column":3}},"30":{"start":{"line":57,"column":15},"end":{"line":57,"column":40}},"31":{"start":{"line":58,"column":2},"end":{"line":58,"column":76}},"32":{"start":{"line":58,"column":13},"end":{"line":58,"column":76}},"33":{"start":{"line":59,"column":2},"end":{"line":59,"column":55}},"34":{"start":{"line":62,"column":0},"end":{"line":62,"column":21}}},"fnMap":{"0":{"name":"(anonymous_0)","decl":{"start":{"line":15,"column":18},"end":{"line":15,"column":19}},"loc":{"start":{"line":15,"column":32},"end":{"line":25,"column":1}},"line":15},"1":{"name":"(anonymous_1)","decl":{"start":{"line":28,"column":22},"end":{"line":28,"column":23}},"loc":{"start":{"line":28,"column":36},"end":{"line":32,"column":1}},"line":28},"2":{"name":"(anonymous_2)","decl":{"start":{"line":35,"column":19},"end":{"line":35,"column":20}},"loc":{"start":{"line":35,"column":33},"end":{"line":42,"column":1}},"line":35},"3":{"name":"(anonymous_3)","decl":{"start":{"line":45,"column":22},"end":{"line":45,"column":23}},"loc":{"start":{"line":45,"column":36},"end":{"line":53,"column":1}},"line":45},"4":{"name":"(anonymous_4)","decl":{"start":{"line":56,"column":25},"end":{"line":56,"column":26}},"loc":{"start":{"line":56,"column":39},"end":{"line":60,"column":1}},"line":56}},"branchMap":{"0":{"loc":{"start":{"line":17,"column":2},"end":{"line":23,"column":3}},"type":"if","locations":[{"start":{"line":17,"column":2},"end":{"line":23,"column":3}},{"start":{},"end":{}}],"line":17},"1":{"loc":{"start":{"line":19,"column":4},"end":{"line":21,"column":5}},"type":"if","locations":[{"start":{"line":19,"column":4},"end":{"line":21,"column":5}},{"start":{},"end":{}}],"line":19},"2":{"loc":{"start":{"line":30,"column":2},"end":{"line":30,"column":76}},"type":"if","locations":[{"start":{"line":30,"column":2},"end":{"line":30,"column":76}},{"start":{},"end":{}}],"line":30},"3":{"loc":{"start":{"line":48,"column":4},"end":{"line":48,"column":78}},"type":"if","locations":[{"start":{"line":48,"column":4},"end":{"line":48,"column":78}},{"start":{},"end":{}}],"line":48},"4":{"loc":{"start":{"line":58,"column":2},"end":{"line":58,"column":76}},"type":"if","locations":[{"start":{"line":58,"column":2},"end":{"line":58,"column":76}},{"start":{},"end":{}}],"line":58}},"s":{"0":1,"1":1,"2":1,"3":1,"4":1,"5":1,"6":1,"7":0,"8":0,"9":0,"10":0,"11":1,"12":1,"13":0,"14":0,"15":0,"16":0,"17":1,"18":4,"19":4,"20":3,"21":1,"22":1,"23":1,"24":1,"25":1,"26":0,"27":1,"28":0,"29":1,"30":1,"31":1,"32":0,"33":1,"34":1},"f":{"0":1,"1":0,"2":4,"3":1,"4":1},"b":{"0":[0,1],"1":[0,0],"2":[0,0],"3":[0,1],"4":[0,1]},"_coverageSchema":"1a1c01bbd47fc00a2c39e90264f33305004495a9","hash":"228d35667d2f37a6be2c430925835134f0aecc24"}
,"C:\\Users\\ADVAN\\Documents\\SIGMA PRENEUR\\New folder\\src\\taskService.js": {"path":"C:\\Users\\ADVAN\\Documents\\SIGMA PRENEUR\\New folder\\src\\taskService.js","statementMap":{"0":{"start":{"line":1,"column":12},"end":{"line":1,"column":14}},"1":{"start":{"line":2,"column":13},"end":{"line":2,"column":14}},"2":{"start":{"line":4,"column":20},"end":{"line":4,"column":31}},"3":{"start":{"line":4,"column":26},"end":{"line":4,"column":31}},"4":{"start":{"line":6,"column":20},"end":{"line":8,"column":1}},"5":{"start":{"line":7,"column":2},"end":{"line":7,"column":56}},"6":{"start":{"line":7,"column":25},"end":{"line":7,"column":46}},"7":{"start":{"line":10,"column":16},"end":{"line":34,"column":1}},"8":{"start":{"line":11,"column":2},"end":{"line":13,"column":3}},"9":{"start":{"line":12,"column":4},"end":{"line":12,"column":41}},"10":{"start":{"line":14,"column":2},"end":{"line":16,"column":3}},"11":{"start":{"line":15,"column":4},"end":{"line":15,"column":51}},"12":{"start":{"line":18,"column":22},"end":{"line":18,"column":56}},"13":{"start":{"line":19,"column":17},"end":{"line":19,"column":41}},"14":{"start":{"line":20,"column":2},"end":{"line":22,"column":3}},"15":{"start":{"line":21,"column":4},"end":{"line":21,"column":79}},"16":{"start":{"line":24,"column":15},"end":{"line":30,"column":3}},"17":{"start":{"line":32,"column":2},"end":{"line":32,"column":19}},"18":{"start":{"line":33,"column":2},"end":{"line":33,"column":14}},"19":{"start":{"line":36,"column":19},"end":{"line":59,"column":1}},"20":{"start":{"line":37,"column":16},"end":{"line":37,"column":59}},"21":{"start":{"line":37,"column":37},"end":{"line":37,"column":58}},"22":{"start":{"line":38,"column":2},"end":{"line":38,"column":32}},"23":{"start":{"line":38,"column":20},"end":{"line":38,"column":32}},"24":{"start":{"line":40,"column":2},"end":{"line":44,"column":3}},"25":{"start":{"line":41,"column":4},"end":{"line":41,"column":78}},"26":{"start":{"line":41,"column":34},"end":{"line":41,"column":78}},"27":{"start":{"line":42,"column":4},"end":{"line":42,"column":80}},"28":{"start":{"line":42,"column":33},"end":{"line":42,"column":80}},"29":{"start":{"line":43,"column":4},"end":{"line":43,"column":43}},"30":{"start":{"line":46,"column":22},"end":{"line":46,"column":56}},"31":{"start":{"line":47,"column":2},"end":{"line":52,"column":3}},"32":{"start":{"line":48,"column":4},"end":{"line":50,"column":5}},"33":{"start":{"line":49,"column":6},"end":{"line":49,"column":81}},"34":{"start":{"line":51,"column":4},"end":{"line":51,"column":38}},"35":{"start":{"line":54,"column":2},"end":{"line":56,"column":3}},"36":{"start":{"line":55,"column":4},"end":{"line":55,"column":48}},"37":{"start":{"line":58,"column":2},"end":{"line":58,"column":22}},"38":{"start":{"line":61,"column":19},"end":{"line":67,"column":1}},"39":{"start":{"line":62,"column":16},"end":{"line":62,"column":59}},"40":{"start":{"line":62,"column":37},"end":{"line":62,"column":58}},"41":{"start":{"line":63,"column":2},"end":{"line":63,"column":32}},"42":{"start":{"line":63,"column":20},"end":{"line":63,"column":32}},"43":{"start":{"line":64,"column":18},"end":{"line":64,"column":30}},"44":{"start":{"line":65,"column":2},"end":{"line":65,"column":25}},"45":{"start":{"line":66,"column":2},"end":{"line":66,"column":17}},"46":{"start":{"line":69,"column":25},"end":{"line":71,"column":1}},"47":{"start":{"line":70,"column":2},"end":{"line":70,"column":48}},"48":{"start":{"line":70,"column":27},"end":{"line":70,"column":46}},"49":{"start":{"line":73,"column":19},"end":{"line":76,"column":1}},"50":{"start":{"line":74,"column":2},"end":{"line":74,"column":13}},"51":{"start":{"line":75,"column":2},"end":{"line":75,"column":13}},"52":{"start":{"line":78,"column":0},"end":{"line":86,"column":2}}},"fnMap":{"0":{"name":"(anonymous_0)","decl":{"start":{"line":4,"column":20},"end":{"line":4,"column":21}},"loc":{"start":{"line":4,"column":26},"end":{"line":4,"column":31}},"line":4},"1":{"name":"(anonymous_1)","decl":{"start":{"line":6,"column":20},"end":{"line":6,"column":21}},"loc":{"start":{"line":6,"column":28},"end":{"line":8,"column":1}},"line":6},"2":{"name":"(anonymous_2)","decl":{"start":{"line":7,"column":20},"end":{"line":7,"column":21}},"loc":{"start":{"line":7,"column":25},"end":{"line":7,"column":46}},"line":7},"3":{"name":"(anonymous_3)","decl":{"start":{"line":10,"column":16},"end":{"line":10,"column":17}},"loc":{"start":{"line":10,"column":26},"end":{"line":34,"column":1}},"line":10},"4":{"name":"(anonymous_4)","decl":{"start":{"line":36,"column":19},"end":{"line":36,"column":20}},"loc":{"start":{"line":36,"column":33},"end":{"line":59,"column":1}},"line":36},"5":{"name":"(anonymous_5)","decl":{"start":{"line":37,"column":32},"end":{"line":37,"column":33}},"loc":{"start":{"line":37,"column":37},"end":{"line":37,"column":58}},"line":37},"6":{"name":"(anonymous_6)","decl":{"start":{"line":61,"column":19},"end":{"line":61,"column":20}},"loc":{"start":{"line":61,"column":27},"end":{"line":67,"column":1}},"line":61},"7":{"name":"(anonymous_7)","decl":{"start":{"line":62,"column":32},"end":{"line":62,"column":33}},"loc":{"start":{"line":62,"column":37},"end":{"line":62,"column":58}},"line":62},"8":{"name":"(anonymous_8)","decl":{"start":{"line":69,"column":25},"end":{"line":69,"column":26}},"loc":{"start":{"line":69,"column":37},"end":{"line":71,"column":1}},"line":69},"9":{"name":"(anonymous_9)","decl":{"start":{"line":70,"column":22},"end":{"line":70,"column":23}},"loc":{"start":{"line":70,"column":27},"end":{"line":70,"column":46}},"line":70},"10":{"name":"(anonymous_10)","decl":{"start":{"line":73,"column":19},"end":{"line":73,"column":20}},"loc":{"start":{"line":73,"column":25},"end":{"line":76,"column":1}},"line":73}},"branchMap":{"0":{"loc":{"start":{"line":7,"column":9},"end":{"line":7,"column":55}},"type":"binary-expr","locations":[{"start":{"line":7,"column":9},"end":{"line":7,"column":47}},{"start":{"line":7,"column":51},"end":{"line":7,"column":55}}],"line":7},"1":{"loc":{"start":{"line":11,"column":2},"end":{"line":13,"column":3}},"type":"if","locations":[{"start":{"line":11,"column":2},"end":{"line":13,"column":3}},{"start":{},"end":{}}],"line":11},"2":{"loc":{"start":{"line":11,"column":6},"end":{"line":11,"column":45}},"type":"binary-expr","locations":[{"start":{"line":11,"column":6},"end":{"line":11,"column":17}},{"start":{"line":11,"column":21},"end":{"line":11,"column":45}}],"line":11},"3":{"loc":{"start":{"line":14,"column":2},"end":{"line":16,"column":3}},"type":"if","locations":[{"start":{"line":14,"column":2},"end":{"line":16,"column":3}},{"start":{},"end":{}}],"line":14},"4":{"loc":{"start":{"line":19,"column":17},"end":{"line":19,"column":41}},"type":"binary-expr","locations":[{"start":{"line":19,"column":17},"end":{"line":19,"column":28}},{"start":{"line":19,"column":32},"end":{"line":19,"column":41}}],"line":19},"5":{"loc":{"start":{"line":20,"column":2},"end":{"line":22,"column":3}},"type":"if","locations":[{"start":{"line":20,"column":2},"end":{"line":22,"column":3}},{"start":{},"end":{}}],"line":20},"6":{"loc":{"start":{"line":27,"column":17},"end":{"line":27,"column":39}},"type":"binary-expr","locations":[{"start":{"line":27,"column":17},"end":{"line":27,"column":33}},{"start":{"line":27,"column":37},"end":{"line":27,"column":39}}],"line":27},"7":{"loc":{"start":{"line":38,"column":2},"end":{"line":38,"column":32}},"type":"if","locations":[{"start":{"line":38,"column":2},"end":{"line":38,"column":32}},{"start":{},"end":{}}],"line":38},"8":{"loc":{"start":{"line":40,"column":2},"end":{"line":44,"column":3}},"type":"if","locations":[{"start":{"line":40,"column":2},"end":{"line":44,"column":3}},{"start":{},"end":{}}],"line":40},"9":{"loc":{"start":{"line":41,"column":4},"end":{"line":41,"column":78}},"type":"if","locations":[{"start":{"line":41,"column":4},"end":{"line":41,"column":78}},{"start":{},"end":{}}],"line":41},"10":{"loc":{"start":{"line":42,"column":4},"end":{"line":42,"column":80}},"type":"if","locations":[{"start":{"line":42,"column":4},"end":{"line":42,"column":80}},{"start":{},"end":{}}],"line":42},"11":{"loc":{"start":{"line":47,"column":2},"end":{"line":52,"column":3}},"type":"if","locations":[{"start":{"line":47,"column":2},"end":{"line":52,"column":3}},{"start":{},"end":{}}],"line":47},"12":{"loc":{"start":{"line":48,"column":4},"end":{"line":50,"column":5}},"type":"if","locations":[{"start":{"line":48,"column":4},"end":{"line":50,"column":5}},{"start":{},"end":{}}],"line":48},"13":{"loc":{"start":{"line":54,"column":2},"end":{"line":56,"column":3}},"type":"if","locations":[{"start":{"line":54,"column":2},"end":{"line":56,"column":3}},{"start":{},"end":{}}],"line":54},"14":{"loc":{"start":{"line":63,"column":2},"end":{"line":63,"column":32}},"type":"if","locations":[{"start":{"line":63,"column":2},"end":{"line":63,"column":32}},{"start":{},"end":{}}],"line":63}},"s":{"0":1,"1":1,"2":1,"3":3,"4":1,"5":2,"6":1,"7":1,"8":18,"9":3,"10":15,"11":1,"12":14,"13":14,"14":14,"15":1,"16":13,"17":13,"18":13,"19":1,"20":4,"21":3,"22":4,"23":1,"24":3,"25":1,"26":0,"27":1,"28":0,"29":1,"30":3,"31":3,"32":2,"33":0,"34":2,"35":3,"36":0,"37":3,"38":1,"39":3,"40":2,"41":3,"42":1,"43":2,"44":2,"45":2,"46":1,"47":2,"48":4,"49":1,"50":21,"51":21,"52":1},"f":{"0":3,"1":2,"2":1,"3":18,"4":4,"5":3,"6":3,"7":2,"8":2,"9":4,"10":21},"b":{"0":[2,1],"1":[3,15],"2":[18,15],"3":[1,14],"4":[14,9],"5":[1,13],"6":[13,13],"7":[1,3],"8":[1,2],"9":[0,1],"10":[0,1],"11":[2,1],"12":[0,2],"13":[0,3],"14":[1,2]},"_coverageSchema":"1a1c01bbd47fc00a2c39e90264f33305004495a9","hash":"7d625a4058cbfb1f8e387c5e8d0e73337c1486e3"}
}
