{"C:\\Users\\ADVAN\\Documents\\SIGMA PRENEUR\\New folder\\src\\taskService.js": {"path":"C:\\Users\\ADVAN\\Documents\\SIGMA PRENEUR\\New folder\\src\\taskService.js","statementMap":{"0":{"start":{"line":1,"column":12},"end":{"line":1,"column":14}},"1":{"start":{"line":3,"column":20},"end":{"line":3,"column":31}},"2":{"start":{"line":3,"column":26},"end":{"line":3,"column":31}},"3":{"start":{"line":4,"column":16},"end":{"line":7,"column":1}},"4":{"start":{"line":5,"column":4},"end":{"line":5,"column":21}},"5":{"start":{"line":6,"column":4},"end":{"line":6,"column":16}},"6":{"start":{"line":9,"column":0},"end":{"line":9,"column":42}}},"fnMap":{"0":{"name":"(anonymous_0)","decl":{"start":{"line":3,"column":20},"end":{"line":3,"column":21}},"loc":{"start":{"line":3,"column":26},"end":{"line":3,"column":31}},"line":3},"1":{"name":"(anonymous_1)","decl":{"start":{"line":4,"column":16},"end":{"line":4,"column":17}},"loc":{"start":{"line":4,"column":26},"end":{"line":7,"column":1}},"line":4}},"branchMap":{},"s":{"0":1,"1":1,"2":1,"3":1,"4":1,"5":1,"6":1},"f":{"0":1,"1":1},"b":{},"_coverageSchema":"1a1c01bbd47fc00a2c39e90264f33305004495a9","hash":"62800f42b1f1c6dae41f8ee6a0d07874a939d5eb"}
}
