TN:
SF:src\app.js
FN:15,(anonymous_0)
FN:28,(anonymous_1)
FN:35,(anonymous_2)
FN:45,(anonymous_3)
FN:56,(anonymous_4)
FNF:5
FNH:4
FNDA:1,(anonymous_0)
FNDA:0,(anonymous_1)
FNDA:4,(anonymous_2)
FNDA:1,(anonymous_3)
FNDA:1,(anonymous_4)
DA:1,1
DA:2,1
DA:10,1
DA:12,1
DA:15,1
DA:16,1
DA:17,1
DA:18,0
DA:19,0
DA:20,0
DA:22,0
DA:24,1
DA:28,1
DA:29,0
DA:30,0
DA:31,0
DA:35,1
DA:36,4
DA:37,4
DA:38,3
DA:40,1
DA:45,1
DA:46,1
DA:47,1
DA:48,1
DA:49,1
DA:51,0
DA:56,1
DA:57,1
DA:58,1
DA:59,1
DA:62,1
LF:32
LH:24
BRDA:17,0,0,0
BRDA:17,0,1,1
BRDA:19,1,0,0
BRDA:19,1,1,0
BRDA:30,2,0,0
BRDA:30,2,1,0
BRDA:48,3,0,0
BRDA:48,3,1,1
BRDA:58,4,0,0
BRDA:58,4,1,1
BRF:10
BRH:3
end_of_record
TN:
SF:src\taskService.js
FN:4,(anonymous_0)
FN:6,(anonymous_1)
FN:7,(anonymous_2)
FN:10,(anonymous_3)
FN:36,(anonymous_4)
FN:37,(anonymous_5)
FN:61,(anonymous_6)
FN:62,(anonymous_7)
FN:69,(anonymous_8)
FN:70,(anonymous_9)
FN:73,(anonymous_10)
FNF:11
FNH:11
FNDA:3,(anonymous_0)
FNDA:2,(anonymous_1)
FNDA:1,(anonymous_2)
FNDA:18,(anonymous_3)
FNDA:4,(anonymous_4)
FNDA:3,(anonymous_5)
FNDA:3,(anonymous_6)
FNDA:2,(anonymous_7)
FNDA:2,(anonymous_8)
FNDA:4,(anonymous_9)
FNDA:21,(anonymous_10)
DA:1,1
DA:2,1
DA:4,3
DA:6,1
DA:7,2
DA:10,1
DA:11,18
DA:12,3
DA:14,15
DA:15,1
DA:18,14
DA:19,14
DA:20,14
DA:21,1
DA:24,13
DA:32,13
DA:33,13
DA:36,1
DA:37,4
DA:38,4
DA:40,3
DA:41,1
DA:42,1
DA:43,1
DA:46,3
DA:47,3
DA:48,2
DA:49,0
DA:51,2
DA:54,3
DA:55,0
DA:58,3
DA:61,1
DA:62,3
DA:63,3
DA:64,2
DA:65,2
DA:66,2
DA:69,1
DA:70,4
DA:73,1
DA:74,21
DA:75,21
DA:78,1
LF:44
LH:42
BRDA:7,0,0,2
BRDA:7,0,1,1
BRDA:11,1,0,3
BRDA:11,1,1,15
BRDA:11,2,0,18
BRDA:11,2,1,15
BRDA:14,3,0,1
BRDA:14,3,1,14
BRDA:19,4,0,14
BRDA:19,4,1,9
BRDA:20,5,0,1
BRDA:20,5,1,13
BRDA:27,6,0,13
BRDA:27,6,1,13
BRDA:38,7,0,1
BRDA:38,7,1,3
BRDA:40,8,0,1
BRDA:40,8,1,2
BRDA:41,9,0,0
BRDA:41,9,1,1
BRDA:42,10,0,0
BRDA:42,10,1,1
BRDA:47,11,0,2
BRDA:47,11,1,1
BRDA:48,12,0,0
BRDA:48,12,1,2
BRDA:54,13,0,0
BRDA:54,13,1,3
BRDA:63,14,0,1
BRDA:63,14,1,2
BRF:30
BRH:26
end_of_record
